<?xml version="1.0" encoding="UTF-8"?>
<!-- Generated by org.testng.reporters.JUnitReportReporter -->
<testsuite hostname="LAPTOP-662AOCVM" failures="0" tests="1" name="package1.BaseTestClass" time="4.589" errors="0" timestamp="2025-07-14T18:41:17 IST" skipped="0">
  <testcase classname="package1.BaseTestClass" name="testMethod" time="4.589"/>
</testsuite> <!-- package1.BaseTestClass -->
