<?xml version="1.0" encoding="UTF-8"?>
<!-- Generated by org.testng.reporters.JUnitReportReporter -->
<testsuite hostname="LAPTOP-662AOCVM" failures="0" tests="1" name="package1.BaseTestClass" time="37.517" errors="0" timestamp="2025-07-14T19:11:54 IST" skipped="0">
  <testcase classname="package1.BaseTestClass" name="testMethod" time="37.517"/>
</testsuite> <!-- package1.BaseTestClass -->
